{
  "stats": {
    "suites": 1,
    "tests": 1,
    "passes": 1,
    "pending": 0,
    "failures": 0,
    "start": "2024-03-08T11:38:38.127Z",
    "end": "2024-03-08T11:38:47.852Z",
    "duration": 9725,
    "testsRegistered": 1,
    "passPercent": 100,
    "pendingPercent": 0,
    "other": 0,
    "hasOther": false,
    "skipped": 0,
    "hasSkipped": false
  },
  "results": [
    {
      "uuid": "434b68db-c5fd-40ac-8649-dd40d078d9e8",
      "title": "",
      "fullFile": "cypress\\e2e\\AppActions.cy.js",
      "file": "cypress\\e2e\\AppActions.cy.js",
      "beforeHooks": [],
      "afterHooks": [],
      "tests": [],
      "suites": [
        {
          "uuid": "0d1878b4-9958-4c58-84d5-3a45ac307b19",
          "title": "Checkout de produto",
          "fullFile": "",
          "file": "",
          "beforeHooks": [],
          "afterHooks": [],
          "tests": [
            {
              "title": "Deve fazer o checkout corretamente",
              "fullTitle": "Checkout de produto Deve fazer o checkout corretamente",
              "timedOut": null,
              "duration": 9623,
              "state": "passed",
              "speed": "medium",
              "pass": true,
              "fail": false,
              "pending": false,
              "context": null,
              "code": "cy.checkout(email, senha);",
              "err": {},
              "uuid": "3fb8e2da-0d8f-4096-91ec-f335609a1023",
              "parentUUID": "0d1878b4-9958-4c58-84d5-3a45ac307b19",
              "isHook": false,
              "skipped": false
            }
          ],
          "suites": [],
          "passes": [
            "3fb8e2da-0d8f-4096-91ec-f335609a1023"
          ],
          "failures": [],
          "pending": [],
          "skipped": [],
          "duration": 9623,
          "root": false,
          "rootEmpty": false,
          "_timeout": 2000
        }
      ],
      "passes": [],
      "failures": [],
      "pending": [],
      "skipped": [],
      "duration": 0,
      "root": true,
      "rootEmpty": true,
      "_timeout": 2000
    }
  ],
  "meta": {
    "mocha": {
      "version": "7.0.1"
    },
    "mochawesome": {
      "options": {
        "quiet": false,
        "reportFilename": "[name]-result",
        "saveHtml": false,
        "saveJson": true,
        "consoleReporter": "spec",
        "useInlineDiffs": false,
        "code": true
      },
      "version": "7.1.3"
    },
    "marge": {
      "options": {
        "reportFilename": "[name]-result",
        "html": false
      },
      "version": "6.2.0"
    }
  }
}